<?xml version="1.0" encoding="UTF-8"?>
<!-- Generated by org.testng.reporters.JUnitReportReporter -->
<testsuite hostname="EDDY" failures="0" tests="6" name="tests.BookingEnd2EndTest" time="22.349" errors="1" timestamp="2022-12-06T21:07:10 CST" skipped="0">
  <testcase classname="tests.BookingEnd2EndTest" name="userShouldBeAbleToCreateToken" time="0.214">
    <error message="&#039;pojo.token base.TestDataBuild.createTokenPayload()&#039;" type="java.lang.NoSuchMethodError">
      <![CDATA[java.lang.NoSuchMethodError: 'pojo.token base.TestDataBuild.createTokenPayload()'
at tests.BookingEnd2EndTest.userShouldBeAbleToCreateToken(BookingEnd2EndTest.java:53)
at java.base/jdk.internal.reflect.NativeMethodAccessorImpl.invoke0(Native Method)
at java.base/jdk.internal.reflect.NativeMethodAccessorImpl.invoke(NativeMethodAccessorImpl.java:62)
at java.base/jdk.internal.reflect.DelegatingMethodAccessorImpl.invoke(DelegatingMethodAccessorImpl.java:43)
at java.base/java.lang.reflect.Method.invoke(Method.java:564)
at org.testng.internal.MethodInvocationHelper.invokeMethod(MethodInvocationHelper.java:132)
at org.testng.internal.TestInvoker.invokeMethod(TestInvoker.java:599)
at org.testng.internal.TestInvoker.invokeTestMethod(TestInvoker.java:174)
at org.testng.internal.MethodRunner.runInSequence(MethodRunner.java:46)
at org.testng.internal.TestInvoker$MethodInvocationAgent.invoke(TestInvoker.java:822)
at org.testng.internal.TestInvoker.invokeTestMethods(TestInvoker.java:147)
at org.testng.internal.TestMethodWorker.invokeTestMethods(TestMethodWorker.java:146)
at org.testng.internal.TestMethodWorker.run(TestMethodWorker.java:128)
at java.base/java.util.ArrayList.forEach(ArrayList.java:1510)
at org.testng.TestRunner.privateRun(TestRunner.java:764)
at org.testng.TestRunner.run(TestRunner.java:585)
at org.testng.SuiteRunner.runTest(SuiteRunner.java:384)
at org.testng.SuiteRunner.runSequentially(SuiteRunner.java:378)
at org.testng.SuiteRunner.privateRun(SuiteRunner.java:337)
at org.testng.SuiteRunner.run(SuiteRunner.java:286)
at org.testng.SuiteRunnerWorker.runSuite(SuiteRunnerWorker.java:53)
at org.testng.SuiteRunnerWorker.run(SuiteRunnerWorker.java:96)
at org.testng.TestNG.runSuitesSequentially(TestNG.java:1218)
at org.testng.TestNG.runSuitesLocally(TestNG.java:1140)
at org.testng.TestNG.runSuites(TestNG.java:1069)
at org.testng.TestNG.run(TestNG.java:1037)
at org.testng.remote.AbstractRemoteTestNG.run(AbstractRemoteTestNG.java:115)
at org.testng.remote.RemoteTestNG.initAndRun(RemoteTestNG.java:251)
at org.testng.remote.RemoteTestNG.main(RemoteTestNG.java:77)
]]>
    </error>
  </testcase> <!-- userShouldBeAbleToCreateToken -->
  <system-out/>
  <testcase classname="tests.BookingEnd2EndTest" name="userShouldBeAbleToCreateBooking" time="12.545"/>
  <system-out/>
  <testcase classname="tests.BookingEnd2EndTest" name="userShouldBeAbleTogetBooking" time="2.459"/>
  <system-out/>
  <testcase classname="tests.BookingEnd2EndTest" name="userShouldBeAbleToUpdateBooking" time="2.449"/>
  <system-out/>
  <testcase classname="tests.BookingEnd2EndTest" name="userShoudBeAbleToUpdatePartialBooking" time="2.341"/>
  <system-out/>
  <testcase classname="tests.BookingEnd2EndTest" name="userShouldBeAbleToDeleteBooking" time="2.341"/>
  <system-out/>
</testsuite> <!-- tests.BookingEnd2EndTest -->
