<?xml version="1.0" encoding="UTF-8"?>
<!-- Generated by org.testng.reporters.JUnitReportReporter -->
<testsuite hostname="EDDY" failures="0" tests="1" name="test.BookingSerialize_DeserializeTest2" time="8.722" errors="0" timestamp="2022-11-14T11:34:54 CST" skipped="0">
  <testcase classname="test.BookingSerialize_DeserializeTest2" name="userShouldBeAbleToCreateBooking" time="8.722"/>
  <system-out/>
</testsuite> <!-- test.BookingSerialize_DeserializeTest2 -->
