<?xml version="1.0" encoding="UTF-8"?>
<!-- Generated by org.testng.reporters.JUnitReportReporter -->
<testsuite hostname="EDDY" failures="0" tests="6" name="test.BookingTest" time="8.576" errors="0" timestamp="2022-11-08T15:43:07 CST" skipped="0">
  <testcase classname="test.BookingTest" name="createToken" time="6.606"/>
  <system-out/>
  <testcase classname="test.BookingTest" name="createBooking" time="0.419"/>
  <system-out/>
  <testcase classname="test.BookingTest" name="getBooking" time="0.455"/>
  <system-out/>
  <testcase classname="test.BookingTest" name="updateBooking" time="0.542"/>
  <system-out/>
  <testcase classname="test.BookingTest" name="updatePartialBooking" time="0.281"/>
  <system-out/>
  <testcase classname="test.BookingTest" name="deleteBooking" time="0.273"/>
  <system-out/>
</testsuite> <!-- test.BookingTest -->
