<?xml version="1.0" encoding="UTF-8"?>
<!-- Generated by org.testng.reporters.JUnitReportReporter -->
<testsuite hostname="EDDY" failures="0" tests="6" name="test.BookingTest4" time="10.309" errors="0" timestamp="2022-11-10T11:57:56 CST" skipped="0">
  <testcase classname="test.BookingTest4" name="createToken" time="7.810"/>
  <system-out/>
  <testcase classname="test.BookingTest4" name="createBooking" time="0.946"/>
  <system-out/>
  <testcase classname="test.BookingTest4" name="getBooking" time="0.337"/>
  <system-out/>
  <testcase classname="test.BookingTest4" name="updateBooking" time="0.537"/>
  <system-out/>
  <testcase classname="test.BookingTest4" name="updatePartialBooking" time="0.360"/>
  <system-out/>
  <testcase classname="test.BookingTest4" name="deleteBooking" time="0.319"/>
  <system-out/>
</testsuite> <!-- test.BookingTest4 -->
