<?xml version="1.0" encoding="UTF-8"?>
<!-- Generated by org.testng.reporters.JUnitReportReporter -->
<testsuite hostname="EDDY" failures="0" tests="6" name="tests.BookingTestEndToEndTest" time="15.222" errors="0" timestamp="2022-12-07T21:31:11 CST" skipped="0">
  <testcase classname="tests.BookingTestEndToEndTest" name="userShouldBeAbleToCreateToken" time="12.172"/>
  <system-out/>
  <testcase classname="tests.BookingTestEndToEndTest" name="userShouldBeAbleToCreateBooking" time="0.791"/>
  <system-out/>
  <testcase classname="tests.BookingTestEndToEndTest" name="userShouldBeAbleTogetBooking" time="0.647"/>
  <system-out/>
  <testcase classname="tests.BookingTestEndToEndTest" name="userShouldBeAbleToUpdateBooking" time="0.851"/>
  <system-out/>
  <testcase classname="tests.BookingTestEndToEndTest" name="userShoudBeAbleToUpdatePartialBooking" time="0.428"/>
  <system-out/>
  <testcase classname="tests.BookingTestEndToEndTest" name="userShouldBeAbleToDeleteBooking" time="0.333"/>
  <system-out/>
</testsuite> <!-- tests.BookingTestEndToEndTest -->
