<?xml version="1.0" encoding="UTF-8"?>
<!-- Generated by org.testng.reporters.JUnitReportReporter -->
<testsuite hostname="EDDY" failures="0" tests="6" name="test.BookingTest6Testing3" time="8.561" errors="0" timestamp="2022-11-10T16:53:57 CST" skipped="0">
  <testcase classname="test.BookingTest6Testing3" name="userShouldBeAbleToCreateToken" time="6.664"/>
  <system-out/>
  <testcase classname="test.BookingTest6Testing3" name="userShouldBeAbleToCreateBooking" time="0.383"/>
  <system-out/>
  <testcase classname="test.BookingTest6Testing3" name="userShouldBeAbleTogetBooking" time="0.490"/>
  <system-out/>
  <testcase classname="test.BookingTest6Testing3" name="userShouldBeAbleToUpdateBooking" time="0.442"/>
  <system-out/>
  <testcase classname="test.BookingTest6Testing3" name="userShoudBeAbleToUpdatePartialBooking" time="0.318"/>
  <system-out/>
  <testcase classname="test.BookingTest6Testing3" name="deleteBooking" time="0.264"/>
  <system-out/>
</testsuite> <!-- test.BookingTest6Testing3 -->
