<?xml version="1.0" encoding="UTF-8"?>
<!-- Generated by org.testng.reporters.JUnitReportReporter -->
<testsuite hostname="EDDY" failures="0" tests="6" name="test.BookingTest5" time="8.615" errors="0" timestamp="2022-11-10T13:00:38 CST" skipped="0">
  <testcase classname="test.BookingTest5" name="createToken" time="6.595"/>
  <system-out/>
  <testcase classname="test.BookingTest5" name="createBooking" time="0.430"/>
  <system-out/>
  <testcase classname="test.BookingTest5" name="getBooking" time="0.530"/>
  <system-out/>
  <testcase classname="test.BookingTest5" name="updateBooking" time="0.469"/>
  <system-out/>
  <testcase classname="test.BookingTest5" name="updatePartialBooking" time="0.332"/>
  <system-out/>
  <testcase classname="test.BookingTest5" name="deleteBooking" time="0.259"/>
  <system-out/>
</testsuite> <!-- test.BookingTest5 -->
