<?xml version="1.0" encoding="UTF-8"?>
<!-- Generated by org.testng.reporters.JUnitReportReporter -->
<testsuite hostname="EDDY" failures="0" tests="6" name="test.BookingTest2" time="12.811" errors="0" timestamp="2022-11-15T12:03:34 CST" skipped="0">
  <testcase classname="test.BookingTest2" name="createToken" time="10.631"/>
  <system-out/>
  <testcase classname="test.BookingTest2" name="createBooking" time="0.431"/>
  <system-out/>
  <testcase classname="test.BookingTest2" name="getBooking" time="0.562"/>
  <system-out/>
  <testcase classname="test.BookingTest2" name="updateBooking" time="0.568"/>
  <system-out/>
  <testcase classname="test.BookingTest2" name="updatePartialBooking" time="0.307"/>
  <system-out/>
  <testcase classname="test.BookingTest2" name="deleteBooking" time="0.312"/>
  <system-out/>
</testsuite> <!-- test.BookingTest2 -->
