<?xml version="1.0" encoding="UTF-8"?>
<!-- Generated by org.testng.reporters.JUnitReportReporter -->
<testsuite hostname="EDDY" failures="0" tests="6" name="test.BookingNonBDDStyleTest" time="12.373" errors="0" timestamp="2022-11-15T12:23:40 CST" skipped="0">
  <testcase classname="test.BookingNonBDDStyleTest" name="createToken" time="10.221"/>
  <system-out/>
  <testcase classname="test.BookingNonBDDStyleTest" name="createBooking" time="0.419"/>
  <system-out/>
  <testcase classname="test.BookingNonBDDStyleTest" name="getBooking" time="0.506"/>
  <system-out/>
  <testcase classname="test.BookingNonBDDStyleTest" name="updateBooking" time="0.551"/>
  <system-out/>
  <testcase classname="test.BookingNonBDDStyleTest" name="updatePartialBooking" time="0.410"/>
  <system-out/>
  <testcase classname="test.BookingNonBDDStyleTest" name="deleteBooking" time="0.266"/>
  <system-out/>
</testsuite> <!-- test.BookingNonBDDStyleTest -->
