<?xml version="1.0" encoding="UTF-8"?>
<!-- Generated by org.testng.reporters.JUnitReportReporter -->
<testsuite hostname="EDDY" failures="0" tests="6" name="test.BookingTest3" time="8.561" errors="0" timestamp="2022-11-08T15:43:51 CST" skipped="0">
  <testcase classname="test.BookingTest3" name="createToken" time="6.604"/>
  <system-out/>
  <testcase classname="test.BookingTest3" name="createBooking" time="0.432"/>
  <system-out/>
  <testcase classname="test.BookingTest3" name="getBooking" time="0.482"/>
  <system-out/>
  <testcase classname="test.BookingTest3" name="updateBooking" time="0.449"/>
  <system-out/>
  <testcase classname="test.BookingTest3" name="updatePartialBooking" time="0.284"/>
  <system-out/>
  <testcase classname="test.BookingTest3" name="deleteBooking" time="0.310"/>
  <system-out/>
</testsuite> <!-- test.BookingTest3 -->
