<?xml version="1.0" encoding="UTF-8"?>
<!-- Generated by org.testng.reporters.JUnitReportReporter -->
<testsuite hostname="EDDY" failures="0" tests="4" name="test.BookingSerialize_DeserializeTest4" time="10.027" errors="0" timestamp="2022-11-18T23:54:44 CST" skipped="3">
  <testcase classname="test.BookingSerialize_DeserializeTest4" name="userShouldBeAbleToCreateBooking" time="10.027"/>
  <system-out/>
  <testcase classname="test.BookingSerialize_DeserializeTest4" name="userShouldBeAbleToUpdateBooking">
    <skipped/>
  </testcase> <!-- userShouldBeAbleToUpdateBooking -->
  <system-out/>
  <testcase classname="test.BookingSerialize_DeserializeTest4" name="userShouldBeAbleToCreateToken">
    <skipped/>
  </testcase> <!-- userShouldBeAbleToCreateToken -->
  <system-out/>
  <testcase classname="test.BookingSerialize_DeserializeTest4" name="userShouldBeAbleTogetBooking">
    <skipped/>
  </testcase> <!-- userShouldBeAbleTogetBooking -->
  <system-out/>
</testsuite> <!-- test.BookingSerialize_DeserializeTest4 -->
