<?xml version="1.0" encoding="UTF-8"?>
<!-- Generated by org.testng.reporters.JUnitReportReporter -->
<testsuite hostname="EDDY" failures="0" tests="6" name="test.BookingTest6" time="7.613" errors="0" timestamp="2022-11-10T13:02:12 CST" skipped="0">
  <testcase classname="test.BookingTest6" name="createToken" time="6.021"/>
  <system-out/>
  <testcase classname="test.BookingTest6" name="createBooking" time="0.364"/>
  <system-out/>
  <testcase classname="test.BookingTest6" name="getBooking" time="0.300"/>
  <system-out/>
  <testcase classname="test.BookingTest6" name="updateBooking" time="0.313"/>
  <system-out/>
  <testcase classname="test.BookingTest6" name="updatePartialBooking" time="0.316"/>
  <system-out/>
  <testcase classname="test.BookingTest6" name="deleteBooking" time="0.299"/>
  <system-out/>
</testsuite> <!-- test.BookingTest6 -->
