<?xml version="1.0" encoding="UTF-8"?>
<!-- Generated by org.testng.reporters.JUnitReportReporter -->
<testsuite hostname="EDDY" failures="0" tests="6" name="test.BookingNonBDDStyleTest2" time="13.188" errors="0" timestamp="2022-11-15T12:28:34 CST" skipped="0">
  <testcase classname="test.BookingNonBDDStyleTest2" name="createToken" time="10.782"/>
  <system-out/>
  <testcase classname="test.BookingNonBDDStyleTest2" name="createBooking" time="0.531"/>
  <system-out/>
  <testcase classname="test.BookingNonBDDStyleTest2" name="getBooking" time="0.603"/>
  <system-out/>
  <testcase classname="test.BookingNonBDDStyleTest2" name="updateBooking" time="0.649"/>
  <system-out/>
  <testcase classname="test.BookingNonBDDStyleTest2" name="updatePartialBooking" time="0.329"/>
  <system-out/>
  <testcase classname="test.BookingNonBDDStyleTest2" name="deleteBooking" time="0.294"/>
  <system-out/>
</testsuite> <!-- test.BookingNonBDDStyleTest2 -->
