<?xml version="1.0" encoding="UTF-8"?>
<!-- Generated by org.testng.reporters.JUnitReportReporter -->
<testsuite hostname="EDDY" failures="0" tests="6" name="test.BookingTest6Testing" time="8.392" errors="0" timestamp="2022-11-10T13:11:59 CST" skipped="0">
  <testcase classname="test.BookingTest6Testing" name="createToken" time="6.379"/>
  <system-out/>
  <testcase classname="test.BookingTest6Testing" name="createBooking" time="0.392"/>
  <system-out/>
  <testcase classname="test.BookingTest6Testing" name="getBooking" time="0.533"/>
  <system-out/>
  <testcase classname="test.BookingTest6Testing" name="updateBooking" time="0.478"/>
  <system-out/>
  <testcase classname="test.BookingTest6Testing" name="updatePartialBooking" time="0.311"/>
  <system-out/>
  <testcase classname="test.BookingTest6Testing" name="deleteBooking" time="0.299"/>
  <system-out/>
</testsuite> <!-- test.BookingTest6Testing -->
