<?xml version="1.0" encoding="UTF-8"?>
<!-- Generated by org.testng.reporters.JUnitReportReporter -->
<testsuite hostname="EDDY" failures="0" tests="6" name="test.BookingTestEndToEndTest" time="10.522" errors="0" timestamp="2022-12-06T21:03:57 CST" skipped="0">
  <testcase classname="test.BookingTestEndToEndTest" name="userShouldBeAbleToCreateToken" time="8.010"/>
  <system-out/>
  <testcase classname="test.BookingTestEndToEndTest" name="userShouldBeAbleToCreateBooking" time="0.601"/>
  <system-out/>
  <testcase classname="test.BookingTestEndToEndTest" name="userShouldBeAbleTogetBooking" time="0.585"/>
  <system-out/>
  <testcase classname="test.BookingTestEndToEndTest" name="userShouldBeAbleToUpdateBooking" time="0.646"/>
  <system-out/>
  <testcase classname="test.BookingTestEndToEndTest" name="userShoudBeAbleToUpdatePartialBooking" time="0.367"/>
  <system-out/>
  <testcase classname="test.BookingTestEndToEndTest" name="userShouldBeAbleToDeleteBooking" time="0.313"/>
  <system-out/>
</testsuite> <!-- test.BookingTestEndToEndTest -->
