<?xml version="1.0" encoding="UTF-8"?>
<!-- Generated by org.testng.reporters.JUnitReportReporter -->
<testsuite hostname="EDDY" failures="0" tests="6" name="test.BookingNonBDDStyleTest5" time="9.662" errors="0" timestamp="2022-11-15T14:31:45 CST" skipped="0">
  <testcase classname="test.BookingNonBDDStyleTest5" name="createToken" time="7.628"/>
  <system-out/>
  <testcase classname="test.BookingNonBDDStyleTest5" name="createBooking" time="0.402"/>
  <system-out/>
  <testcase classname="test.BookingNonBDDStyleTest5" name="getBooking" time="0.555"/>
  <system-out/>
  <testcase classname="test.BookingNonBDDStyleTest5" name="updateBooking" time="0.531"/>
  <system-out/>
  <testcase classname="test.BookingNonBDDStyleTest5" name="updatePartialBooking" time="0.303"/>
  <system-out/>
  <testcase classname="test.BookingNonBDDStyleTest5" name="deleteBooking" time="0.243"/>
  <system-out/>
</testsuite> <!-- test.BookingNonBDDStyleTest5 -->
