<?xml version="1.0" encoding="UTF-8"?>
<!-- Generated by org.testng.reporters.JUnitReportReporter -->
<testsuite hostname="EDDY" failures="0" tests="6" name="test.BookingEnd2EndTest" time="24.695" errors="0" timestamp="2022-12-06T16:24:27 CST" skipped="0">
  <testcase classname="test.BookingEnd2EndTest" name="userShouldBeAbleToCreateToken" time="13.045"/>
  <system-out/>
  <testcase classname="test.BookingEnd2EndTest" name="userShouldBeAbleToCreateBooking" time="2.392"/>
  <system-out/>
  <testcase classname="test.BookingEnd2EndTest" name="userShouldBeAbleTogetBooking" time="2.353"/>
  <system-out/>
  <testcase classname="test.BookingEnd2EndTest" name="userShouldBeAbleToUpdateBooking" time="2.356"/>
  <system-out/>
  <testcase classname="test.BookingEnd2EndTest" name="userShoudBeAbleToUpdatePartialBooking" time="2.266"/>
  <system-out/>
  <testcase classname="test.BookingEnd2EndTest" name="userShouldBeAbleToDeleteBooking" time="2.283"/>
  <system-out/>
</testsuite> <!-- test.BookingEnd2EndTest -->
