<?xml version="1.0" encoding="UTF-8"?>
<!-- Generated by org.testng.reporters.JUnitReportReporter -->
<testsuite hostname="EDDY" failures="0" tests="6" name="test.BookingNonBDDStyleTest3" time="10.068" errors="0" timestamp="2022-11-15T13:49:06 CST" skipped="0">
  <testcase classname="test.BookingNonBDDStyleTest3" name="createToken" time="7.683"/>
  <system-out/>
  <testcase classname="test.BookingNonBDDStyleTest3" name="createBooking" time="0.538"/>
  <system-out/>
  <testcase classname="test.BookingNonBDDStyleTest3" name="getBooking" time="0.693"/>
  <system-out/>
  <testcase classname="test.BookingNonBDDStyleTest3" name="updateBooking" time="0.578"/>
  <system-out/>
  <testcase classname="test.BookingNonBDDStyleTest3" name="updatePartialBooking" time="0.316"/>
  <system-out/>
  <testcase classname="test.BookingNonBDDStyleTest3" name="deleteBooking" time="0.260"/>
  <system-out/>
</testsuite> <!-- test.BookingNonBDDStyleTest3 -->
