<?xml version="1.0" encoding="UTF-8"?>
<!-- Generated by org.testng.reporters.JUnitReportReporter -->
<testsuite hostname="EDDY" failures="0" tests="6" name="test.BookingTestEndToEndTest2" time="12.238" errors="0" timestamp="2022-12-06T21:02:27 CST" skipped="0">
  <testcase classname="test.BookingTestEndToEndTest2" name="userShouldBeAbleToCreateToken" time="9.292"/>
  <system-out/>
  <testcase classname="test.BookingTestEndToEndTest2" name="userShouldBeAbleToCreateBooking" time="0.846"/>
  <system-out/>
  <testcase classname="test.BookingTestEndToEndTest2" name="userShouldBeAbleTogetBooking" time="0.707"/>
  <system-out/>
  <testcase classname="test.BookingTestEndToEndTest2" name="userShouldBeAbleToUpdateBooking" time="0.713"/>
  <system-out/>
  <testcase classname="test.BookingTestEndToEndTest2" name="userShoudBeAbleToUpdatePartialBooking" time="0.370"/>
  <system-out/>
  <testcase classname="test.BookingTestEndToEndTest2" name="userShouldBeAbleToDeleteBooking" time="0.310"/>
  <system-out/>
</testsuite> <!-- test.BookingTestEndToEndTest2 -->
