<?xml version="1.0" encoding="UTF-8"?>
<!-- Generated by org.testng.reporters.JUnitReportReporter -->
<testsuite hostname="EDDY" failures="0" tests="6" name="test.BookingTest6Testing2" time="14.940" errors="0" timestamp="2022-12-06T15:52:01 CST" skipped="0">
  <testcase classname="test.BookingTest6Testing2" name="createToken" time="12.372"/>
  <system-out/>
  <testcase classname="test.BookingTest6Testing2" name="createBooking" time="0.475"/>
  <system-out/>
  <testcase classname="test.BookingTest6Testing2" name="getBooking" time="0.690"/>
  <system-out/>
  <testcase classname="test.BookingTest6Testing2" name="updateBooking" time="0.639"/>
  <system-out/>
  <testcase classname="test.BookingTest6Testing2" name="updatePartialBooking" time="0.371"/>
  <system-out/>
  <testcase classname="test.BookingTest6Testing2" name="deleteBooking" time="0.393"/>
  <system-out/>
</testsuite> <!-- test.BookingTest6Testing2 -->
