<?xml version="1.0" encoding="UTF-8"?>
<!-- Generated by org.testng.reporters.JUnitReportReporter -->
<testsuite hostname="EDDY" failures="0" tests="6" name="test.BookingSerialize_DeserializeTest" time="8.481" errors="0" timestamp="2022-11-14T11:16:43 CST" skipped="5">
  <testcase classname="test.BookingSerialize_DeserializeTest" name="userShouldBeAbleToCreateBooking" time="8.481"/>
  <system-out/>
  <testcase classname="test.BookingSerialize_DeserializeTest" name="userShouldBeAbleToUpdateBooking">
    <skipped/>
  </testcase> <!-- userShouldBeAbleToUpdateBooking -->
  <system-out/>
  <testcase classname="test.BookingSerialize_DeserializeTest" name="userShoudBeAbleToUpdatePartialBooking">
    <skipped/>
  </testcase> <!-- userShoudBeAbleToUpdatePartialBooking -->
  <system-out/>
  <testcase classname="test.BookingSerialize_DeserializeTest" name="userShouldBeAbleToCreateToken">
    <skipped/>
  </testcase> <!-- userShouldBeAbleToCreateToken -->
  <system-out/>
  <testcase classname="test.BookingSerialize_DeserializeTest" name="userShouldBeAbleTogetBooking">
    <skipped/>
  </testcase> <!-- userShouldBeAbleTogetBooking -->
  <system-out/>
  <testcase classname="test.BookingSerialize_DeserializeTest" name="userShouldBeAbleToDeleteBooking">
    <skipped/>
  </testcase> <!-- userShouldBeAbleToDeleteBooking -->
  <system-out/>
</testsuite> <!-- test.BookingSerialize_DeserializeTest -->
