<?xml version="1.0" encoding="UTF-8"?>
<!-- Generated by org.testng.reporters.JUnitReportReporter -->
<testsuite skipped="0" hostname="EDDY" name="tests.BookingTestEndToEndTest" tests="6" failures="0" timestamp="2022-12-07T21:33:10 CST" time="13.994" errors="0">
  <testcase name="userShouldBeAbleToCreateToken" time="10.901" classname="tests.BookingTestEndToEndTest"/>
  <system-out/>
  <testcase name="userShouldBeAbleToCreateBooking" time="0.782" classname="tests.BookingTestEndToEndTest"/>
  <system-out/>
  <testcase name="userShouldBeAbleTogetBooking" time="0.673" classname="tests.BookingTestEndToEndTest"/>
  <system-out/>
  <testcase name="userShouldBeAbleToUpdateBooking" time="0.729" classname="tests.BookingTestEndToEndTest"/>
  <system-out/>
  <testcase name="userShoudBeAbleToUpdatePartialBooking" time="0.532" classname="tests.BookingTestEndToEndTest"/>
  <system-out/>
  <testcase name="userShouldBeAbleToDeleteBooking" time="0.377" classname="tests.BookingTestEndToEndTest"/>
  <system-out/>
</testsuite> <!-- tests.BookingTestEndToEndTest -->
