<?xml version="1.0" encoding="UTF-8"?>
<!-- Generated by org.testng.reporters.JUnitReportReporter -->
<testsuite skipped="0" hostname="SQLBILAB" name="com.booking.api.test.BookingTest" tests="6" failures="0" timestamp="2022-02-25T11:14:48 CST" time="6.759" errors="0">
  <testcase name="createToken" time="4.735" classname="com.booking.api.test.BookingTest"/>
  <system-out/>
  <testcase name="createBooking" time="0.338" classname="com.booking.api.test.BookingTest"/>
  <system-out/>
  <testcase name="getBooking" time="0.430" classname="com.booking.api.test.BookingTest"/>
  <system-out/>
  <testcase name="updateBooking" time="0.662" classname="com.booking.api.test.BookingTest"/>
  <system-out/>
  <testcase name="updatePartialBooking" time="0.306" classname="com.booking.api.test.BookingTest"/>
  <system-out/>
  <testcase name="deleteBooking" time="0.288" classname="com.booking.api.test.BookingTest"/>
  <system-out/>
</testsuite> <!-- com.booking.api.test.BookingTest -->
